<?xml version="1.0" encoding="UTF-8"?>
<testng-results skipped="0" failed="0" ignored="0" total="2" passed="2">
  <reporter-output>
  </reporter-output>
  <suite name="Suite" duration-ms="53" started-at="2020-01-16T23:24:14 IST" finished-at="2020-01-16T23:24:14 IST">
    <groups>
    </groups>
    <test name="Test" duration-ms="53" started-at="2020-01-16T23:24:14 IST" finished-at="2020-01-16T23:24:14 IST">
      <class name="qaclickacademy.AppiumTest">
        <test-method status="PASS" signature="IOApps()[pri:0, instance:qaclickacademy.AppiumTest@31610302]" name="IOApps" duration-ms="6" started-at="2020-01-16T23:24:14 IST" finished-at="2020-01-16T23:24:14 IST">
          <reporter-output>
          </reporter-output>
        </test-method> <!-- IOApps -->
        <test-method status="PASS" signature="NativeAppandroid()[pri:0, instance:qaclickacademy.AppiumTest@31610302]" name="NativeAppandroid" duration-ms="1" started-at="2020-01-16T23:24:14 IST" finished-at="2020-01-16T23:24:14 IST">
          <reporter-output>
          </reporter-output>
        </test-method> <!-- NativeAppandroid -->
      </class> <!-- qaclickacademy.AppiumTest -->
    </test> <!-- Test -->
  </suite> <!-- Suite -->
</testng-results>
